  [4;36;1mSQL (1.0ms)[0m   [0;1m SELECT name
 FROM sqlite_master
 WHERE type = 'table' AND NOT name = 'sqlite_sequence'
[0m
  [4;35;1mSQL (0.0ms)[0m   [0mselect sqlite_version(*)[0m
  [4;36;1mSQL (8.0ms)[0m   [0;1mCREATE TABLE "schema_migrations" ("version" varchar(255) NOT NULL) [0m
  [4;35;1mSQL (0.0ms)[0m   [0mPRAGMA index_list("schema_migrations")[0m
  [4;36;1mSQL (7.0ms)[0m   [0;1mCREATE UNIQUE INDEX "unique_schema_migrations" ON "schema_migrations" ("version")[0m
  [4;35;1mSQL (0.0ms)[0m   [0m SELECT name
 FROM sqlite_master
 WHERE type = 'table' AND NOT name = 'sqlite_sequence'
[0m
  [4;36;1mSQL (0.0ms)[0m   [0;1m SELECT name
 FROM sqlite_master
 WHERE type = 'table' AND NOT name = 'sqlite_sequence'
[0m
  [4;35;1mSQL (0.0ms)[0m   [0mSELECT version FROM schema_migrations[0m
  [4;36;1mSQL (0.0ms)[0m   [0;1m SELECT name
 FROM sqlite_master
 WHERE type = 'table' AND NOT name = 'sqlite_sequence'
[0m
  [4;36;1mSQL (0.0ms)[0m   [0;1m SELECT name
 FROM sqlite_master
 WHERE type = 'table' AND NOT name = 'sqlite_sequence'
[0m
  [4;35;1mSQL (0.0ms)[0m   [0mSELECT version FROM schema_migrations[0m
Migrating to CreateProducts (20100619190948)
  [4;36;1mSQL (0.0ms)[0m   [0;1mselect sqlite_version(*)[0m
  [4;35;1mSQL (1.0ms)[0m   [0mCREATE TABLE "products" ("id" INTEGER PRIMARY KEY AUTOINCREMENT NOT NULL, "title" varchar(255), "description" text, "image_url" varchar(255), "created_at" datetime, "updated_at" datetime) [0m
  [4;36;1mSQL (0.0ms)[0m   [0;1mINSERT INTO schema_migrations (version) VALUES ('20100619190948')[0m
  [4;35;1mSQL (1.0ms)[0m   [0m SELECT name
 FROM sqlite_master
 WHERE type = 'table' AND NOT name = 'sqlite_sequence'
[0m
  [4;36;1mSQL (0.0ms)[0m   [0;1mSELECT version FROM schema_migrations[0m
  [4;35;1mSQL (0.0ms)[0m   [0m SELECT name
 FROM sqlite_master
 WHERE type = 'table' AND NOT name = 'sqlite_sequence'
[0m
  [4;36;1mSQL (0.0ms)[0m   [0;1mPRAGMA index_list("products")[0m


Processing ProductsController#new (for 127.0.0.1 at 2010-06-19 12:12:16) [GET]
Rendering template within layouts/products
Rendering products/new
Completed in 1239ms (View: 1234, DB: 0) | 200 OK [http://localhost/products/new]


Processing ProductsController#index (for 127.0.0.1 at 2010-06-19 12:12:25) [GET]
  [4;36;1mProduct Load (1.0ms)[0m   [0;1mSELECT * FROM "products" [0m
Rendering template within layouts/products
Rendering products/index
Completed in 13ms (View: 9, DB: 1) | 200 OK [http://localhost/products/]


Processing ProductsController#index (for 127.0.0.1 at 2010-06-19 12:16:28) [GET]
  [4;36;1mProduct Load (1.0ms)[0m   [0;1mSELECT * FROM "products" [0m
Rendering template within layouts/products
Rendering products/index
Completed in 1235ms (View: 1230, DB: 1) | 200 OK [http://localhost/products]


Processing ProductsController#index (for 127.0.0.1 at 2010-06-19 12:16:31) [GET]
  [4;35;1mProduct Load (0.0ms)[0m   [0mSELECT * FROM "products" [0m
Rendering template within layouts/products
Rendering products/index
Completed in 6ms (View: 2, DB: 0) | 200 OK [http://localhost/products]


Processing ProductsController#new (for 127.0.0.1 at 2010-06-19 12:17:44) [GET]
Rendering template within layouts/products
Rendering products/new
Completed in 21ms (View: 16, DB: 0) | 200 OK [http://localhost/products/new]


Processing ProductsController#create (for 127.0.0.1 at 2010-06-19 12:18:29) [POST]
  Parameters: {"authenticity_token"=>"xXIaqMItv7sBgzWfp2rNzIlJnw0UAen3pFYZufmQv1k=", "product"=>{"title"=>"Programatic Version Control", "description"=>"This is the book for testing\r\n\r\nCheck it out on amazon", "image_url"=>"/images/svn.jpg"}, "commit"=>"Create"}
  [4;36;1mProduct Create (0.0ms)[0m   [0;1mINSERT INTO "products" ("title", "description", "image_url", "created_at", "updated_at") VALUES('Programatic Version Control', 'This is the book for testing

Check it out on amazon', '/images/svn.jpg', '2010-06-19 19:18:29', '2010-06-19 19:18:29')[0m
Redirected to http://localhost:3000/products/1
Completed in 13ms (DB: 0) | 302 Found [http://localhost/products]


Processing ProductsController#show (for 127.0.0.1 at 2010-06-19 12:18:29) [GET]
  Parameters: {"id"=>"1"}
  [4;35;1mProduct Load (1.0ms)[0m   [0mSELECT * FROM "products" WHERE ("products"."id" = 1) [0m
Rendering template within layouts/products
Rendering products/show
Completed in 15ms (View: 10, DB: 1) | 200 OK [http://localhost/products/1]


Processing ProductsController#new (for 127.0.0.1 at 2010-06-19 12:18:44) [GET]
Rendering template within layouts/products
Rendering products/new
Completed in 14ms (View: 9, DB: 0) | 200 OK [http://localhost/products/new]


Processing ProductsController#index (for 127.0.0.1 at 2010-06-19 12:18:47) [GET]
  [4;36;1mProduct Load (0.0ms)[0m   [0;1mSELECT * FROM "products" [0m
Rendering template within layouts/products
Rendering products/index
Completed in 9ms (View: 4, DB: 0) | 200 OK [http://localhost/products]


Processing ProductsController#show (for 127.0.0.1 at 2010-06-19 12:18:53) [GET]
  Parameters: {"id"=>"1"}
  [4;35;1mProduct Load (0.0ms)[0m   [0mSELECT * FROM "products" WHERE ("products"."id" = 1) [0m
Rendering template within layouts/products
Rendering products/show
Completed in 8ms (View: 3, DB: 0) | 200 OK [http://localhost/products/1]


Processing ProductsController#index (for 127.0.0.1 at 2010-06-19 12:18:57) [GET]
  [4;36;1mProduct Load (1.0ms)[0m   [0;1mSELECT * FROM "products" [0m
Rendering template within layouts/products
Rendering products/index
Completed in 10ms (View: 5, DB: 1) | 200 OK [http://localhost/products]
  [4;36;1mSQL (0.0ms)[0m   [0;1m SELECT name
 FROM sqlite_master
 WHERE type = 'table' AND NOT name = 'sqlite_sequence'
[0m
  [4;35;1mSQL (0.0ms)[0m   [0mSELECT version FROM schema_migrations[0m
Migrating to CreateProducts (20100619190948)
Migrating to AddPriceToProduct (20100619192203)
  [4;36;1mSQL (0.0ms)[0m   [0;1mselect sqlite_version(*)[0m
  [4;35;1mSQL (0.0ms)[0m   [0mALTER TABLE "products" ADD "price" decimal(8,2) DEFAULT 0[0m
  [4;36;1mSQL (0.0ms)[0m   [0;1mINSERT INTO schema_migrations (version) VALUES ('20100619192203')[0m
  [4;35;1mSQL (0.0ms)[0m   [0m SELECT name
 FROM sqlite_master
 WHERE type = 'table' AND NOT name = 'sqlite_sequence'
[0m
  [4;36;1mSQL (0.0ms)[0m   [0;1mSELECT version FROM schema_migrations[0m
  [4;35;1mSQL (1.0ms)[0m   [0m SELECT name
 FROM sqlite_master
 WHERE type = 'table' AND NOT name = 'sqlite_sequence'
[0m
  [4;36;1mSQL (0.0ms)[0m   [0;1mPRAGMA index_list("products")[0m


Processing ProductsController#index (for 127.0.0.1 at 2010-06-19 15:13:01) [GET]
  [4;35;1mProduct Load (0.0ms)[0m   [0mSELECT * FROM "products" [0m
Rendering template within layouts/products
Rendering products/index
Completed in 16ms (View: 12, DB: 0) | 200 OK [http://localhost/products]


Processing ProductsController#edit (for 127.0.0.1 at 2010-06-19 15:13:07) [GET]
  Parameters: {"id"=>"1"}
  [4;36;1mProduct Load (0.0ms)[0m   [0;1mSELECT * FROM "products" WHERE ("products"."id" = 1) [0m
Rendering template within layouts/products
Rendering products/edit
Completed in 23ms (View: 18, DB: 0) | 200 OK [http://localhost/products/1/edit]


Processing ProductsController#show (for 127.0.0.1 at 2010-06-19 15:13:12) [GET]
  Parameters: {"id"=>"1"}
  [4;35;1mProduct Load (0.0ms)[0m   [0mSELECT * FROM "products" WHERE ("products"."id" = 1) [0m
Rendering template within layouts/products
Rendering products/show
Completed in 8ms (View: 3, DB: 0) | 200 OK [http://localhost/products/1]


Processing ProductsController#edit (for 127.0.0.1 at 2010-06-19 15:13:20) [GET]
  Parameters: {"id"=>"1"}
  [4;36;1mProduct Load (0.0ms)[0m   [0;1mSELECT * FROM "products" WHERE ("products"."id" = 1) [0m
Rendering template within layouts/products
Rendering products/edit
Completed in 15ms (View: 10, DB: 0) | 200 OK [http://localhost/products/1/edit]


Processing ProductsController#index (for 127.0.0.1 at 2010-06-19 15:14:13) [GET]
  [4;35;1mProduct Load (0.0ms)[0m   [0mSELECT * FROM "products" [0m
Rendering template within layouts/products
Rendering products/index
Completed in 9ms (View: 4, DB: 0) | 200 OK [http://localhost/products]


Processing ProductsController#new (for 127.0.0.1 at 2010-06-19 15:14:14) [GET]
Rendering template within layouts/products
Rendering products/new
Completed in 55ms (View: 50, DB: 0) | 200 OK [http://localhost/products/new]


Processing ProductsController#index (for 127.0.0.1 at 2010-06-19 15:14:54) [GET]
  [4;36;1mProduct Load (0.0ms)[0m   [0;1mSELECT * FROM "products" [0m
Rendering template within layouts/products
Rendering products/index
Completed in 9ms (View: 5, DB: 0) | 200 OK [http://localhost/products]


Processing ProductsController#edit (for 127.0.0.1 at 2010-06-19 15:14:55) [GET]
  Parameters: {"id"=>"1"}
  [4;35;1mProduct Load (0.0ms)[0m   [0mSELECT * FROM "products" WHERE ("products"."id" = 1) [0m
Rendering template within layouts/products
Rendering products/edit
Completed in 22ms (View: 17, DB: 0) | 200 OK [http://localhost/products/1/edit]


Processing ProductsController#show (for 127.0.0.1 at 2010-06-19 15:15:18) [GET]
  Parameters: {"id"=>"1"}
  [4;36;1mProduct Load (0.0ms)[0m   [0;1mSELECT * FROM "products" WHERE ("products"."id" = 1) [0m
Rendering template within layouts/products
Rendering products/show
Completed in 15ms (View: 9, DB: 0) | 200 OK [http://localhost/products/1]


Processing ProductsController#show (for 127.0.0.1 at 2010-06-19 15:18:19) [GET]
  Parameters: {"id"=>"1"}
  [4;35;1mProduct Load (0.0ms)[0m   [0mSELECT * FROM "products" WHERE ("products"."id" = 1) [0m
Rendering template within layouts/products
Rendering products/show
Completed in 8ms (View: 3, DB: 0) | 200 OK [http://localhost/products/1]


Processing ProductsController#show (for 127.0.0.1 at 2010-06-19 15:19:06) [GET]
  Parameters: {"id"=>"1"}
  [4;36;1mProduct Load (0.0ms)[0m   [0;1mSELECT * FROM "products" WHERE ("products"."id" = 1) [0m
Rendering template within layouts/products
Rendering products/show
Completed in 15ms (View: 10, DB: 0) | 200 OK [http://localhost/products/1]


Processing ProductsController#show (for 127.0.0.1 at 2010-06-19 15:19:07) [GET]
  Parameters: {"id"=>"1"}
  [4;35;1mProduct Load (1.0ms)[0m   [0mSELECT * FROM "products" WHERE ("products"."id" = 1) [0m
Rendering template within layouts/products
Rendering products/show
Completed in 9ms (View: 3, DB: 1) | 200 OK [http://localhost/products/1]


Processing ProductsController#show (for 127.0.0.1 at 2010-06-19 15:19:08) [GET]
  Parameters: {"id"=>"1"}
  [4;36;1mProduct Load (1.0ms)[0m   [0;1mSELECT * FROM "products" WHERE ("products"."id" = 1) [0m
Rendering template within layouts/products
Rendering products/show
Completed in 8ms (View: 3, DB: 1) | 200 OK [http://localhost/products/1]


Processing ProductsController#edit (for 127.0.0.1 at 2010-06-19 15:19:32) [GET]
  Parameters: {"id"=>"1"}
  [4;35;1mProduct Load (0.0ms)[0m   [0mSELECT * FROM "products" WHERE ("products"."id" = 1) [0m
Rendering template within layouts/products
Rendering products/edit
Completed in 15ms (View: 10, DB: 0) | 200 OK [http://localhost/products/1/edit]


Processing ProductsController#update (for 127.0.0.1 at 2010-06-19 15:19:38) [PUT]
  Parameters: {"authenticity_token"=>"WiU4qa9w/g9s0ngaF0w3CQa+ZRr5LMC9vOQ+8tCYMwc=", "product"=>{"title"=>"Programatic Version Control", "description"=>"This is the book for testing\r\n\r\nCheck it out on amazon", "image_url"=>"/images/svn.jpg", "price"=>"-9"}, "commit"=>"Update", "id"=>"1"}
  [4;36;1mProduct Load (1.0ms)[0m   [0;1mSELECT * FROM "products" WHERE ("products"."id" = 1) [0m
  [4;35;1mProduct Update (1.0ms)[0m   [0mUPDATE "products" SET "price" = -9.0, "updated_at" = '2010-06-19 22:19:38' WHERE "id" = 1[0m
Redirected to http://localhost:3000/products/1
Completed in 16ms (DB: 2) | 302 Found [http://localhost/products/1]


Processing ProductsController#show (for 127.0.0.1 at 2010-06-19 15:19:39) [GET]
  Parameters: {"id"=>"1"}
  [4;36;1mProduct Load (0.0ms)[0m   [0;1mSELECT * FROM "products" WHERE ("products"."id" = 1) [0m
Rendering template within layouts/products
Rendering products/show
Completed in 9ms (View: 4, DB: 0) | 200 OK [http://localhost/products/1]


Processing ProductsController#edit (for 127.0.0.1 at 2010-06-19 17:28:46) [GET]
  Parameters: {"id"=>"1"}
  [4;35;1mProduct Load (0.0ms)[0m   [0mSELECT * FROM "products" WHERE ("products"."id" = 1) [0m
Rendering template within layouts/products
Rendering products/edit
Completed in 15ms (View: 10, DB: 0) | 200 OK [http://localhost/products/1/edit]


Processing ProductsController#update (for 127.0.0.1 at 2010-06-19 17:28:52) [PUT]
  Parameters: {"authenticity_token"=>"WiU4qa9w/g9s0ngaF0w3CQa+ZRr5LMC9vOQ+8tCYMwc=", "product"=>{"title"=>"Programatic Version Control", "description"=>"This is the book for testing\r\n\r\nCheck it out on amazon", "image_url"=>"/images/svn.jpg", "price"=>"e"}, "commit"=>"Update", "id"=>"1"}
  [4;36;1mProduct Load (0.0ms)[0m   [0;1mSELECT * FROM "products" WHERE ("products"."id" = 1) [0m
Rendering template within layouts/products
Rendering products/edit
Completed in 18ms (View: 11, DB: 0) | 200 OK [http://localhost/products/1]


Processing ProductsController#update (for 127.0.0.1 at 2010-06-19 17:29:01) [PUT]
  Parameters: {"authenticity_token"=>"WiU4qa9w/g9s0ngaF0w3CQa+ZRr5LMC9vOQ+8tCYMwc=", "product"=>{"title"=>"Programatic Version Control", "description"=>"This is the book for testing\r\n\r\nCheck it out on amazon", "image_url"=>"/images/svn.jpg", "price"=>"0"}, "commit"=>"Update", "id"=>"1"}
  [4;35;1mProduct Load (0.0ms)[0m   [0mSELECT * FROM "products" WHERE ("products"."id" = 1) [0m
  [4;36;1mProduct Update (0.0ms)[0m   [0;1mUPDATE "products" SET "price" = 0.0, "updated_at" = '2010-06-20 00:29:01' WHERE "id" = 1[0m
Redirected to http://localhost:3000/products/1
Completed in 14ms (DB: 0) | 302 Found [http://localhost/products/1]


Processing ProductsController#show (for 127.0.0.1 at 2010-06-19 17:29:01) [GET]
  Parameters: {"id"=>"1"}
  [4;35;1mProduct Load (0.0ms)[0m   [0mSELECT * FROM "products" WHERE ("products"."id" = 1) [0m
Rendering template within layouts/products
Rendering products/show
Completed in 9ms (View: 3, DB: 0) | 200 OK [http://localhost/products/1]


Processing ProductsController#edit (for 127.0.0.1 at 2010-06-19 17:29:03) [GET]
  Parameters: {"id"=>"1"}
  [4;36;1mProduct Load (0.0ms)[0m   [0;1mSELECT * FROM "products" WHERE ("products"."id" = 1) [0m
Rendering template within layouts/products
Rendering products/edit
Completed in 15ms (View: 10, DB: 0) | 200 OK [http://localhost/products/1/edit]


Processing ProductsController#update (for 127.0.0.1 at 2010-06-19 17:29:07) [PUT]
  Parameters: {"authenticity_token"=>"WiU4qa9w/g9s0ngaF0w3CQa+ZRr5LMC9vOQ+8tCYMwc=", "product"=>{"title"=>"Programatic Version Control", "description"=>"This is the book for testing\r\n\r\nCheck it out on amazon", "image_url"=>"/images/svn.jpg", "price"=>"-1"}, "commit"=>"Update", "id"=>"1"}
  [4;35;1mProduct Load (0.0ms)[0m   [0mSELECT * FROM "products" WHERE ("products"."id" = 1) [0m
  [4;36;1mProduct Update (0.0ms)[0m   [0;1mUPDATE "products" SET "price" = -1.0, "updated_at" = '2010-06-20 00:29:07' WHERE "id" = 1[0m
Redirected to http://localhost:3000/products/1
Completed in 52ms (DB: 0) | 302 Found [http://localhost/products/1]


Processing ProductsController#show (for 127.0.0.1 at 2010-06-19 17:29:07) [GET]
  Parameters: {"id"=>"1"}
  [4;35;1mProduct Load (1.0ms)[0m   [0mSELECT * FROM "products" WHERE ("products"."id" = 1) [0m
Rendering template within layouts/products
Rendering products/show
Completed in 9ms (View: 3, DB: 1) | 200 OK [http://localhost/products/1]


Processing ProductsController#edit (for 127.0.0.1 at 2010-06-19 17:29:10) [GET]
  Parameters: {"id"=>"1"}
  [4;36;1mProduct Load (0.0ms)[0m   [0;1mSELECT * FROM "products" WHERE ("products"."id" = 1) [0m
Rendering template within layouts/products
Rendering products/edit
Completed in 15ms (View: 10, DB: 0) | 200 OK [http://localhost/products/1/edit]


Processing ProductsController#update (for 127.0.0.1 at 2010-06-19 18:11:27) [PUT]
  Parameters: {"authenticity_token"=>"WiU4qa9w/g9s0ngaF0w3CQa+ZRr5LMC9vOQ+8tCYMwc=", "product"=>{"title"=>"Programatic Version Control", "description"=>"This is the book for testing\r\n\r\nCheck it out on amazon", "image_url"=>"/images/svn.jpg", "price"=>"-1"}, "commit"=>"Update", "id"=>"1"}
  [4;35;1mSQL (1.0ms)[0m   [0m SELECT name
 FROM sqlite_master
 WHERE type = 'table' AND NOT name = 'sqlite_sequence'
[0m
  [4;36;1mSQL (0.0ms)[0m   [0;1m SELECT name
 FROM sqlite_master
 WHERE type = 'table' AND NOT name = 'sqlite_sequence'
[0m

NoMethodError (undefined method `validat' for #<Class:0x6a8ae0c>):
  app/models/product.rb:4:in `<class:Product>'
  app/models/product.rb:1:in `<top (required)>'
  app/controllers/products_controller.rb:59:in `update'
  <internal:prelude>:8:in `synchronize'
  C:/ruby19/lib/ruby/1.9.1/webrick/httpserver.rb:111:in `service'
  C:/ruby19/lib/ruby/1.9.1/webrick/httpserver.rb:70:in `run'
  C:/ruby19/lib/ruby/1.9.1/webrick/server.rb:183:in `block in start_thread'

Rendered rescues/_trace (62.0ms)
Rendered rescues/_request_and_response (1.0ms)
Rendering rescues/layout (internal_server_error)


Processing ProductsController#update (for 127.0.0.1 at 2010-06-19 18:11:39) [PUT]
  Parameters: {"authenticity_token"=>"WiU4qa9w/g9s0ngaF0w3CQa+ZRr5LMC9vOQ+8tCYMwc=", "product"=>{"title"=>"Programatic Version Control", "description"=>"This is the book for testing\r\n\r\nCheck it out on amazon", "image_url"=>"/images/svn.jpg", "price"=>"-1"}, "commit"=>"Update", "id"=>"1"}
  [4;35;1mSQL (0.0ms)[0m   [0m SELECT name
 FROM sqlite_master
 WHERE type = 'table' AND NOT name = 'sqlite_sequence'
[0m
  [4;36;1mSQL (1.0ms)[0m   [0;1m SELECT name
 FROM sqlite_master
 WHERE type = 'table' AND NOT name = 'sqlite_sequence'
[0m

NoMethodError (undefined method `validates' for #<Class:0x5d70714>):
  app/models/product.rb:4:in `<class:Product>'
  app/models/product.rb:1:in `<top (required)>'
  app/controllers/products_controller.rb:59:in `update'
  <internal:prelude>:8:in `synchronize'
  C:/ruby19/lib/ruby/1.9.1/webrick/httpserver.rb:111:in `service'
  C:/ruby19/lib/ruby/1.9.1/webrick/httpserver.rb:70:in `run'
  C:/ruby19/lib/ruby/1.9.1/webrick/server.rb:183:in `block in start_thread'

Rendered rescues/_trace (60.0ms)
Rendered rescues/_request_and_response (0.0ms)
Rendering rescues/layout (internal_server_error)


Processing ProductsController#update (for 127.0.0.1 at 2010-06-19 18:11:52) [PUT]
  Parameters: {"authenticity_token"=>"WiU4qa9w/g9s0ngaF0w3CQa+ZRr5LMC9vOQ+8tCYMwc=", "product"=>{"title"=>"Programatic Version Control", "description"=>"This is the book for testing\r\n\r\nCheck it out on amazon", "image_url"=>"/images/svn.jpg", "price"=>"-1"}, "commit"=>"Update", "id"=>"1"}
  [4;35;1mProduct Load (1.0ms)[0m   [0mSELECT * FROM "products" WHERE ("products"."id" = 1) [0m
Rendering template within layouts/products
Rendering products/edit
Completed in 17ms (View: 9, DB: 1) | 200 OK [http://localhost/products/1]


Processing ProductsController#update (for 127.0.0.1 at 2010-06-19 18:19:28) [PUT]
  Parameters: {"authenticity_token"=>"WiU4qa9w/g9s0ngaF0w3CQa+ZRr5LMC9vOQ+8tCYMwc=", "product"=>{"title"=>"Programatic Version Control", "description"=>"This is the book for testing\r\n\r\nCheck it out on amazon", "image_url"=>"/images/svn.jpg", "price"=>"2"}, "commit"=>"Update", "id"=>"1"}
  [4;36;1mProduct Load (0.0ms)[0m   [0;1mSELECT * FROM "products" WHERE ("products"."id" = 1) [0m
  [4;35;1mProduct Load (0.0ms)[0m   [0mSELECT "products".id FROM "products" WHERE ("products"."title" = 'Programatic Version Control' AND "products".id <> 1) LIMIT 1[0m
  [4;36;1mProduct Update (0.0ms)[0m   [0;1mUPDATE "products" SET "price" = 2.0, "updated_at" = '2010-06-20 01:19:28' WHERE "id" = 1[0m
Redirected to http://localhost:3000/products/1
Completed in 17ms (DB: 0) | 302 Found [http://localhost/products/1]


Processing ProductsController#show (for 127.0.0.1 at 2010-06-19 18:19:28) [GET]
  Parameters: {"id"=>"1"}
  [4;35;1mProduct Load (0.0ms)[0m   [0mSELECT * FROM "products" WHERE ("products"."id" = 1) [0m
Rendering template within layouts/products
Rendering products/show
Completed in 9ms (View: 3, DB: 0) | 200 OK [http://localhost/products/1]


Processing ProductsController#index (for 127.0.0.1 at 2010-06-19 18:19:31) [GET]
  [4;36;1mProduct Load (0.0ms)[0m   [0;1mSELECT * FROM "products" [0m
Rendering template within layouts/products
Rendering products/index
Completed in 10ms (View: 5, DB: 0) | 200 OK [http://localhost/products]


Processing ProductsController#new (for 127.0.0.1 at 2010-06-19 18:19:34) [GET]
Rendering template within layouts/products
Rendering products/new
Completed in 15ms (View: 10, DB: 0) | 200 OK [http://localhost/products/new]


Processing ProductsController#new (for 127.0.0.1 at 2010-06-19 18:19:42) [GET]
Rendering template within layouts/products
Rendering products/new
Completed in 15ms (View: 9, DB: 0) | 200 OK [http://localhost/products/new]


Processing ProductsController#create (for 127.0.0.1 at 2010-06-19 18:19:45) [POST]
  Parameters: {"authenticity_token"=>"WiU4qa9w/g9s0ngaF0w3CQa+ZRr5LMC9vOQ+8tCYMwc=", "product"=>{"title"=>"Programatic Version Control", "description"=>"", "image_url"=>"", "price"=>"0.0"}, "commit"=>"Create"}
  [4;35;1mProduct Load (0.0ms)[0m   [0mSELECT "products".id FROM "products" WHERE ("products"."title" = 'Programatic Version Control') LIMIT 1[0m
Rendering template within layouts/products
Rendering products/new
Completed in 22ms (View: 14, DB: 0) | 200 OK [http://localhost/products]


Processing ProductsController#create (for 127.0.0.1 at 2010-06-19 18:19:54) [POST]
  Parameters: {"authenticity_token"=>"WiU4qa9w/g9s0ngaF0w3CQa+ZRr5LMC9vOQ+8tCYMwc=", "product"=>{"title"=>"Programatic Version Control", "description"=>"asfasdf", "image_url"=>"afda", "price"=>"0.2"}, "commit"=>"Create"}
  [4;36;1mProduct Load (1.0ms)[0m   [0;1mSELECT "products".id FROM "products" WHERE ("products"."title" = 'Programatic Version Control') LIMIT 1[0m
Rendering template within layouts/products
Rendering products/new
Completed in 18ms (View: 10, DB: 1) | 200 OK [http://localhost/products]


Processing ProductsController#create (for 127.0.0.1 at 2010-06-19 18:29:09) [POST]
  Parameters: {"authenticity_token"=>"WiU4qa9w/g9s0ngaF0w3CQa+ZRr5LMC9vOQ+8tCYMwc=", "product"=>{"title"=>"Programatic Version Control 2", "description"=>"asfasdf", "image_url"=>"afda", "price"=>"0.2"}, "commit"=>"Create"}

ArgumentError (A regular expression must be supplied as the :with option of the configuration hash):
  app/models/product.rb:7:in `<class:Product>'
  app/models/product.rb:1:in `<top (required)>'
  app/controllers/products_controller.rb:43:in `create'
  <internal:prelude>:8:in `synchronize'
  C:/ruby19/lib/ruby/1.9.1/webrick/httpserver.rb:111:in `service'
  C:/ruby19/lib/ruby/1.9.1/webrick/httpserver.rb:70:in `run'
  C:/ruby19/lib/ruby/1.9.1/webrick/server.rb:183:in `block in start_thread'

Rendered rescues/_trace (62.0ms)
Rendered rescues/_request_and_response (0.0ms)
Rendering rescues/layout (internal_server_error)


Processing ProductsController#create (for 127.0.0.1 at 2010-06-19 18:29:42) [POST]
  Parameters: {"authenticity_token"=>"WiU4qa9w/g9s0ngaF0w3CQa+ZRr5LMC9vOQ+8tCYMwc=", "product"=>{"title"=>"Programatic Version Control 2", "description"=>"asfasdf", "image_url"=>"afda", "price"=>"0.2"}, "commit"=>"Create"}
  [4;35;1mProduct Load (0.0ms)[0m   [0mSELECT "products".id FROM "products" WHERE ("products"."title" = 'Programatic Version Control 2') LIMIT 1[0m
Rendering template within layouts/products
Rendering products/new
Completed in 18ms (View: 10, DB: 0) | 200 OK [http://localhost/products]


Processing ProductsController#create (for 127.0.0.1 at 2010-06-19 18:29:58) [POST]
  Parameters: {"authenticity_token"=>"WiU4qa9w/g9s0ngaF0w3CQa+ZRr5LMC9vOQ+8tCYMwc=", "product"=>{"title"=>"Programatic Version Control 2", "description"=>"asfasdf", "image_url"=>"book2.jpg", "price"=>"0.2"}, "commit"=>"Create"}
  [4;36;1mProduct Load (1.0ms)[0m   [0;1mSELECT "products".id FROM "products" WHERE ("products"."title" = 'Programatic Version Control 2') LIMIT 1[0m
  [4;35;1mProduct Create (1.0ms)[0m   [0mINSERT INTO "products" ("title", "description", "image_url", "created_at", "updated_at", "price") VALUES('Programatic Version Control 2', 'asfasdf', 'book2.jpg', '2010-06-20 01:29:58', '2010-06-20 01:29:58', 0.2)[0m
Redirected to http://localhost:3000/products/2
Completed in 14ms (DB: 2) | 302 Found [http://localhost/products]


Processing ProductsController#show (for 127.0.0.1 at 2010-06-19 18:29:58) [GET]
  Parameters: {"id"=>"2"}
  [4;36;1mProduct Load (1.0ms)[0m   [0;1mSELECT * FROM "products" WHERE ("products"."id" = 2) [0m
Rendering template within layouts/products
Rendering products/show
Completed in 9ms (View: 3, DB: 1) | 200 OK [http://localhost/products/2]


Processing ProductsController#index (for 127.0.0.1 at 2010-06-19 18:30:01) [GET]
  [4;35;1mProduct Load (1.0ms)[0m   [0mSELECT * FROM "products" [0m
Rendering template within layouts/products
Rendering products/index
Completed in 11ms (View: 6, DB: 1) | 200 OK [http://localhost/products]


Processing ProductsController#index (for 127.0.0.1 at 2010-06-19 22:06:13) [GET]
  [4;36;1mProduct Load (0.0ms)[0m   [0;1mSELECT * FROM "products" [0m
Rendering template within layouts/products
Rendering products/index
Completed in 32ms (View: 26, DB: 0) | 200 OK [http://localhost/products]


Processing ProductsController#new (for 127.0.0.1 at 2010-06-19 22:06:16) [GET]
Rendering template within layouts/products
Rendering products/new
Completed in 22ms (View: 17, DB: 0) | 200 OK [http://localhost/products/new]
  [4;36;1mSQL (1.0ms)[0m   [0;1m SELECT name
 FROM sqlite_master
 WHERE type = 'table' AND NOT name = 'sqlite_sequence'
[0m
  [4;35;1mSQL (0.0ms)[0m   [0mSELECT version FROM schema_migrations[0m
Migrating to CreateProducts (20100619190948)
Migrating to AddPriceToProduct (20100619192203)
Migrating to AddTestData (20100620013156)
  [4;36;1mSQL (0.0ms)[0m   [0;1mselect sqlite_version(*)[0m
  [4;35;1mProduct Delete all (1.0ms)[0m   [0mDELETE FROM "products" WHERE 1=1[0m
  [4;36;1mProduct Load (1.0ms)[0m   [0;1mSELECT "products".id FROM "products" WHERE ("products"."title" = 'Progmatic Version Control') LIMIT 1[0m
  [4;35;1mProduct Create (0.0ms)[0m   [0mINSERT INTO "products" ("title", "description", "image_url", "created_at", "updated_at", "price") VALUES('Progmatic Version Control', '<p> this book is for this testing purpose</p>', '/images/rails.jpg', '2010-06-20 07:30:03', '2010-06-20 07:30:03', 28.5)[0m
  [4;36;1mSQL (0.0ms)[0m   [0;1mINSERT INTO schema_migrations (version) VALUES ('20100620013156')[0m
  [4;35;1mSQL (0.0ms)[0m   [0m SELECT name
 FROM sqlite_master
 WHERE type = 'table' AND NOT name = 'sqlite_sequence'
[0m
  [4;36;1mSQL (0.0ms)[0m   [0;1mSELECT version FROM schema_migrations[0m
  [4;35;1mSQL (0.0ms)[0m   [0m SELECT name
 FROM sqlite_master
 WHERE type = 'table' AND NOT name = 'sqlite_sequence'
[0m
  [4;36;1mSQL (0.0ms)[0m   [0;1mPRAGMA index_list("products")[0m


Processing ProductsController#index (for 127.0.0.1 at 2010-06-20 00:47:21) [GET]
  [4;36;1mProduct Load (0.0ms)[0m   [0;1mSELECT * FROM "products" [0m
Rendering template within layouts/products
Rendering products/index
Completed in 31ms (View: 25, DB: 0) | 200 OK [http://localhost/products]


Processing ProductsController#new (for 127.0.0.1 at 2010-06-20 00:47:28) [GET]
Rendering template within layouts/products
Rendering products/new
Completed in 23ms (View: 17, DB: 0) | 200 OK [http://localhost/products/new]


Processing ProductsController#index (for 127.0.0.1 at 2010-06-20 00:53:56) [GET]
  [4;35;1mProduct Load (0.0ms)[0m   [0mSELECT * FROM "products" [0m
Rendering template within layouts/products
Rendering products/index
Completed in 18ms (View: 13, DB: 0) | 200 OK [http://localhost/products]


Processing ApplicationController#index (for 127.0.0.1 at 2010-06-20 00:53:57) [GET]

ActionController::RoutingError (No route matches "/images/rails.jpg" with {:method=>:get}):
  <internal:prelude>:8:in `synchronize'
  C:/ruby19/lib/ruby/1.9.1/webrick/httpserver.rb:111:in `service'
  C:/ruby19/lib/ruby/1.9.1/webrick/httpserver.rb:70:in `run'
  C:/ruby19/lib/ruby/1.9.1/webrick/server.rb:183:in `block in start_thread'

Rendering rescues/layout (not_found)


Processing ProductsController#edit (for 127.0.0.1 at 2010-06-20 00:54:13) [GET]
  Parameters: {"id"=>"3"}
  [4;36;1mProduct Load (0.0ms)[0m   [0;1mSELECT * FROM "products" WHERE ("products"."id" = 3) [0m
Rendering template within layouts/products
Rendering products/edit
Completed in 24ms (View: 18, DB: 0) | 200 OK [http://localhost/products/3/edit]


Processing ProductsController#index (for 127.0.0.1 at 2010-06-20 00:54:16) [GET]
  [4;35;1mProduct Load (0.0ms)[0m   [0mSELECT * FROM "products" [0m
Rendering template within layouts/products
Rendering products/index
Completed in 9ms (View: 5, DB: 0) | 200 OK [http://localhost/products]


Processing ApplicationController#index (for 127.0.0.1 at 2010-06-20 00:54:16) [GET]

ActionController::RoutingError (No route matches "/images/rails.jpg" with {:method=>:get}):
  <internal:prelude>:8:in `synchronize'
  C:/ruby19/lib/ruby/1.9.1/webrick/httpserver.rb:111:in `service'
  C:/ruby19/lib/ruby/1.9.1/webrick/httpserver.rb:70:in `run'
  C:/ruby19/lib/ruby/1.9.1/webrick/server.rb:183:in `block in start_thread'

Rendering rescues/layout (not_found)


Processing ProductsController#index (for 127.0.0.1 at 2010-06-20 00:55:06) [GET]
  [4;36;1mProduct Load (1.0ms)[0m   [0;1mSELECT * FROM "products" [0m
Rendering template within layouts/products
Rendering products/index
Completed in 18ms (View: 13, DB: 1) | 200 OK [http://localhost/products]


Processing ApplicationController#index (for 127.0.0.1 at 2010-06-20 00:55:07) [GET]

ActionController::RoutingError (No route matches "/images/rails.jpg" with {:method=>:get}):
  <internal:prelude>:8:in `synchronize'
  C:/ruby19/lib/ruby/1.9.1/webrick/httpserver.rb:111:in `service'
  C:/ruby19/lib/ruby/1.9.1/webrick/httpserver.rb:70:in `run'
  C:/ruby19/lib/ruby/1.9.1/webrick/server.rb:183:in `block in start_thread'

Rendering rescues/layout (not_found)


Processing ProductsController#new (for 127.0.0.1 at 2010-06-20 00:55:13) [GET]
Rendering template within layouts/products
Rendering products/new
Completed in 15ms (View: 9, DB: 0) | 200 OK [http://localhost/products/new]


Processing ProductsController#show (for 127.0.0.1 at 2010-06-20 00:58:43) [GET]
  Parameters: {"id"=>"3"}
  [4;35;1mProduct Load (0.0ms)[0m   [0mSELECT * FROM "products" WHERE ("products"."id" = 3) [0m
Rendering template within layouts/products
Rendering products/show
Completed in 17ms (View: 11, DB: 0) | 200 OK [http://localhost/products/3]


Processing ProductsController#index (for 127.0.0.1 at 2010-06-20 00:58:46) [GET]
  [4;36;1mProduct Load (0.0ms)[0m   [0;1mSELECT * FROM "products" [0m
Rendering template within layouts/products
Rendering products/index
Completed in 10ms (View: 5, DB: 0) | 200 OK [http://localhost/products]


Processing ApplicationController#index (for 127.0.0.1 at 2010-06-20 00:58:46) [GET]

ActionController::RoutingError (No route matches "/images/rails.jpg" with {:method=>:get}):
  <internal:prelude>:8:in `synchronize'
  C:/ruby19/lib/ruby/1.9.1/webrick/httpserver.rb:111:in `service'
  C:/ruby19/lib/ruby/1.9.1/webrick/httpserver.rb:70:in `run'
  C:/ruby19/lib/ruby/1.9.1/webrick/server.rb:183:in `block in start_thread'

Rendering rescues/layout (not_found)


Processing ProductsController#edit (for 127.0.0.1 at 2010-06-20 00:58:51) [GET]
  Parameters: {"id"=>"3"}
  [4;35;1mProduct Load (0.0ms)[0m   [0mSELECT * FROM "products" WHERE ("products"."id" = 3) [0m
Rendering template within layouts/products
Rendering products/edit
Completed in 16ms (View: 10, DB: 0) | 200 OK [http://localhost/products/3/edit]


Processing ProductsController#update (for 127.0.0.1 at 2010-06-20 00:59:37) [PUT]
  Parameters: {"authenticity_token"=>"WiU4qa9w/g9s0ngaF0w3CQa+ZRr5LMC9vOQ+8tCYMwc=", "product"=>{"title"=>"Progmatic Version Control", "description"=>"<p> this book is for this testing purpose</p>", "image_url"=>"/images/rails.png", "price"=>"28.5"}, "commit"=>"Update", "id"=>"3"}
  [4;36;1mProduct Load (1.0ms)[0m   [0;1mSELECT * FROM "products" WHERE ("products"."id" = 3) [0m
  [4;35;1mProduct Load (0.0ms)[0m   [0mSELECT "products".id FROM "products" WHERE ("products"."title" = 'Progmatic Version Control' AND "products".id <> 3) LIMIT 1[0m
  [4;36;1mProduct Update (1.0ms)[0m   [0;1mUPDATE "products" SET "image_url" = '/images/rails.png', "updated_at" = '2010-06-20 07:59:37' WHERE "id" = 3[0m
Redirected to http://localhost:3000/products/3
Completed in 18ms (DB: 2) | 302 Found [http://localhost/products/3]


Processing ProductsController#show (for 127.0.0.1 at 2010-06-20 00:59:37) [GET]
  Parameters: {"id"=>"3"}
  [4;35;1mProduct Load (0.0ms)[0m   [0mSELECT * FROM "products" WHERE ("products"."id" = 3) [0m
Rendering template within layouts/products
Rendering products/show
Completed in 43ms (View: 38, DB: 0) | 200 OK [http://localhost/products/3]


Processing ProductsController#index (for 127.0.0.1 at 2010-06-20 00:59:40) [GET]
  [4;36;1mProduct Load (1.0ms)[0m   [0;1mSELECT * FROM "products" [0m
Rendering template within layouts/products
Rendering products/index
Completed in 10ms (View: 5, DB: 1) | 200 OK [http://localhost/products]


Processing ProductsController#new (for 127.0.0.1 at 2010-06-20 01:03:18) [GET]
Rendering template within layouts/products
Rendering products/new
Completed in 15ms (View: 10, DB: 0) | 200 OK [http://localhost/products/new]


Processing ProductsController#create (for 127.0.0.1 at 2010-06-20 01:04:02) [POST]
  Parameters: {"authenticity_token"=>"WiU4qa9w/g9s0ngaF0w3CQa+ZRr5LMC9vOQ+8tCYMwc=", "product"=>{"title"=>"Mouse hunter's Ninja", "description"=>"this the catch of Ninja", "image_url"=>"/images/ninja.jpg", "price"=>"2"}, "commit"=>"Create"}
  [4;35;1mProduct Load (0.0ms)[0m   [0mSELECT "products".id FROM "products" WHERE ("products"."title" = 'Mouse hunter''s Ninja') LIMIT 1[0m
  [4;36;1mProduct Create (1.0ms)[0m   [0;1mINSERT INTO "products" ("title", "description", "image_url", "created_at", "updated_at", "price") VALUES('Mouse hunter''s Ninja', 'this the catch of Ninja', '/images/ninja.jpg', '2010-06-20 08:04:02', '2010-06-20 08:04:02', 2.0)[0m
Redirected to http://localhost:3000/products/4
Completed in 16ms (DB: 1) | 302 Found [http://localhost/products]


Processing ProductsController#show (for 127.0.0.1 at 2010-06-20 01:04:02) [GET]
  Parameters: {"id"=>"4"}
  [4;35;1mProduct Load (0.0ms)[0m   [0mSELECT * FROM "products" WHERE ("products"."id" = 4) [0m
Rendering template within layouts/products
Rendering products/show
Completed in 8ms (View: 3, DB: 0) | 200 OK [http://localhost/products/4]


Processing ProductsController#index (for 127.0.0.1 at 2010-06-20 01:04:04) [GET]
  [4;36;1mProduct Load (1.0ms)[0m   [0;1mSELECT * FROM "products" [0m
Rendering template within layouts/products
Rendering products/index
Completed in 11ms (View: 6, DB: 1) | 200 OK [http://localhost/products]


Processing ProductsController#new (for 127.0.0.1 at 2010-06-20 01:04:19) [GET]
Rendering template within layouts/products
Rendering products/new
Completed in 15ms (View: 10, DB: 0) | 200 OK [http://localhost/products/new]


Processing ProductsController#create (for 127.0.0.1 at 2010-06-20 01:04:54) [POST]
  Parameters: {"authenticity_token"=>"WiU4qa9w/g9s0ngaF0w3CQa+ZRr5LMC9vOQ+8tCYMwc=", "product"=>{"title"=>"Mouse hunter's Pirate", "description"=>"Pirate mouse", "image_url"=>"/images/pirate.jpg", "price"=>"4"}, "commit"=>"Create"}
  [4;35;1mProduct Load (0.0ms)[0m   [0mSELECT "products".id FROM "products" WHERE ("products"."title" = 'Mouse hunter''s Pirate') LIMIT 1[0m
  [4;36;1mProduct Create (1.0ms)[0m   [0;1mINSERT INTO "products" ("title", "description", "image_url", "created_at", "updated_at", "price") VALUES('Mouse hunter''s Pirate', 'Pirate mouse', '/images/pirate.jpg', '2010-06-20 08:04:54', '2010-06-20 08:04:54', 4.0)[0m
Redirected to http://localhost:3000/products/5
Completed in 15ms (DB: 1) | 302 Found [http://localhost/products]


Processing ProductsController#show (for 127.0.0.1 at 2010-06-20 01:04:54) [GET]
  Parameters: {"id"=>"5"}
  [4;35;1mProduct Load (0.0ms)[0m   [0mSELECT * FROM "products" WHERE ("products"."id" = 5) [0m
Rendering template within layouts/products
Rendering products/show
Completed in 9ms (View: 4, DB: 0) | 200 OK [http://localhost/products/5]


Processing ProductsController#index (for 127.0.0.1 at 2010-06-20 01:04:56) [GET]
  [4;36;1mProduct Load (0.0ms)[0m   [0;1mSELECT * FROM "products" [0m
Rendering template within layouts/products
Rendering products/index
Completed in 12ms (View: 7, DB: 0) | 200 OK [http://localhost/products]


Processing ProductsController#show (for 127.0.0.1 at 2010-06-20 01:05:16) [GET]
  Parameters: {"id"=>"5"}
  [4;35;1mProduct Load (0.0ms)[0m   [0mSELECT * FROM "products" WHERE ("products"."id" = 5) [0m
Rendering template within layouts/products
Rendering products/show
Completed in 9ms (View: 4, DB: 0) | 200 OK [http://localhost/products/5]


Processing ApplicationController#index (for 127.0.0.1 at 2010-06-20 07:49:09) [GET]

ActionController::RoutingError (No route matches "/store" with {:method=>:get}):
  <internal:prelude>:8:in `synchronize'
  C:/ruby19/lib/ruby/1.9.1/webrick/httpserver.rb:111:in `service'
  C:/ruby19/lib/ruby/1.9.1/webrick/httpserver.rb:70:in `run'
  C:/ruby19/lib/ruby/1.9.1/webrick/server.rb:183:in `block in start_thread'

Rendering rescues/layout (not_found)


Processing StoreController#index (for 127.0.0.1 at 2010-06-20 07:50:20) [GET]
Rendering store/index
Completed in 13ms (View: 12, DB: 0) | 200 OK [http://localhost/store]


Processing StoreController#index (for 127.0.0.1 at 2010-06-20 07:51:50) [GET]
  [4;36;1mSQL (1.0ms)[0m   [0;1m SELECT name
 FROM sqlite_master
 WHERE type = 'table' AND NOT name = 'sqlite_sequence'
[0m

NoMethodError (undefined method `find_product_for_sale' for #<Class:0x3c69b88>):
  app/controllers/store_controller.rb:3:in `index'
  <internal:prelude>:8:in `synchronize'
  C:/ruby19/lib/ruby/1.9.1/webrick/httpserver.rb:111:in `service'
  C:/ruby19/lib/ruby/1.9.1/webrick/httpserver.rb:70:in `run'
  C:/ruby19/lib/ruby/1.9.1/webrick/server.rb:183:in `block in start_thread'

Rendered rescues/_trace (51.0ms)
Rendered rescues/_request_and_response (1.0ms)
Rendering rescues/layout (internal_server_error)


Processing StoreController#index (for 127.0.0.1 at 2010-06-20 07:53:38) [GET]
  [4;35;1mProduct Load (0.0ms)[0m   [0mSELECT * FROM "products" ORDER BY title[0m
Rendering store/index
Completed in 6ms (View: 0, DB: 0) | 200 OK [http://localhost/store]


Processing StoreController#index (for 127.0.0.1 at 2010-06-20 07:59:32) [GET]
  [4;36;1mProduct Load (1.0ms)[0m   [0;1mSELECT * FROM "products" ORDER BY title[0m
Rendering store/index

ActionView::TemplateError (You have a nil object when you didn't expect it!
You might have expected an instance of Array.
The error occurred while evaluating nil.each) on line #6 of app/views/store/index.html.erb:
3: 
4: <h1>Your pramatic Catalog</h1>
5: 
6: <% @products.each do |product| -%>
7:  <div class="entry">
8:    <%= image_tag(product.image_url) %>
9:     <h3><%=h product.title %></h3>

    app/views/store/index.html.erb:6
    <internal:prelude>:8:in `synchronize'
    C:/ruby19/lib/ruby/1.9.1/webrick/httpserver.rb:111:in `service'
    C:/ruby19/lib/ruby/1.9.1/webrick/httpserver.rb:70:in `run'
    C:/ruby19/lib/ruby/1.9.1/webrick/server.rb:183:in `block in start_thread'

Rendered rescues/_trace (62.0ms)
Rendered rescues/_request_and_response (0.0ms)
Rendering rescues/layout (internal_server_error)


Processing ProductsController#index (for 127.0.0.1 at 2010-06-20 08:01:16) [GET]
  [4;35;1mProduct Load (1.0ms)[0m   [0mSELECT * FROM "products" [0m
Rendering template within layouts/products
Rendering products/index
Completed in 28ms (View: 23, DB: 1) | 200 OK [http://localhost/products]


Processing ProductsController#new (for 127.0.0.1 at 2010-06-20 08:01:33) [GET]
Rendering template within layouts/products
Rendering products/new
Completed in 22ms (View: 17, DB: 0) | 200 OK [http://localhost/products/new]


Processing ProductsController#create (for 127.0.0.1 at 2010-06-20 08:02:12) [POST]
  Parameters: {"authenticity_token"=>"WiU4qa9w/g9s0ngaF0w3CQa+ZRr5LMC9vOQ+8tCYMwc=", "product"=>{"title"=>"Zombie mouse book", "description"=>"a little zombie caught by a Journeyman", "image_url"=>"/images/zombi.jpg", "price"=>"11.29"}, "commit"=>"Create"}
  [4;36;1mProduct Load (0.0ms)[0m   [0;1mSELECT "products".id FROM "products" WHERE ("products"."title" = 'Zombie mouse book') LIMIT 1[0m
  [4;35;1mProduct Create (0.0ms)[0m   [0mINSERT INTO "products" ("title", "description", "image_url", "created_at", "updated_at", "price") VALUES('Zombie mouse book', 'a little zombie caught by a Journeyman', '/images/zombi.jpg', '2010-06-20 15:02:12', '2010-06-20 15:02:12', 11.29)[0m
Redirected to http://localhost:3000/products/6
Completed in 18ms (DB: 0) | 302 Found [http://localhost/products]


Processing ProductsController#show (for 127.0.0.1 at 2010-06-20 08:02:12) [GET]
  Parameters: {"id"=>"6"}
  [4;36;1mProduct Load (0.0ms)[0m   [0;1mSELECT * FROM "products" WHERE ("products"."id" = 6) [0m
Rendering template within layouts/products
Rendering products/show
Completed in 51ms (View: 45, DB: 0) | 200 OK [http://localhost/products/6]


Processing ProductsController#index (for 127.0.0.1 at 2010-06-20 08:02:14) [GET]
  [4;35;1mProduct Load (1.0ms)[0m   [0mSELECT * FROM "products" [0m
Rendering template within layouts/products
Rendering products/index
Completed in 14ms (View: 8, DB: 1) | 200 OK [http://localhost/products]


Processing ApplicationController#index (for 127.0.0.1 at 2010-06-20 08:02:14) [GET]

ActionController::RoutingError (No route matches "/images/zombi.jpg" with {:method=>:get}):
  <internal:prelude>:8:in `synchronize'
  C:/ruby19/lib/ruby/1.9.1/webrick/httpserver.rb:111:in `service'
  C:/ruby19/lib/ruby/1.9.1/webrick/httpserver.rb:70:in `run'
  C:/ruby19/lib/ruby/1.9.1/webrick/server.rb:183:in `block in start_thread'

Rendering rescues/layout (not_found)


Processing ProductsController#edit (for 127.0.0.1 at 2010-06-20 08:02:20) [GET]
  Parameters: {"id"=>"6"}
  [4;36;1mProduct Load (0.0ms)[0m   [0;1mSELECT * FROM "products" WHERE ("products"."id" = 6) [0m
Rendering template within layouts/products
Rendering products/edit
Completed in 23ms (View: 17, DB: 0) | 200 OK [http://localhost/products/6/edit]


Processing ProductsController#update (for 127.0.0.1 at 2010-06-20 08:02:24) [PUT]
  Parameters: {"authenticity_token"=>"WiU4qa9w/g9s0ngaF0w3CQa+ZRr5LMC9vOQ+8tCYMwc=", "product"=>{"title"=>"Zombie mouse book", "description"=>"a little zombie caught by a Journeyman", "image_url"=>"/images/zombie.jpg", "price"=>"11.29"}, "commit"=>"Update", "id"=>"6"}
  [4;35;1mProduct Load (1.0ms)[0m   [0mSELECT * FROM "products" WHERE ("products"."id" = 6) [0m
  [4;36;1mProduct Load (0.0ms)[0m   [0;1mSELECT "products".id FROM "products" WHERE ("products"."title" = 'Zombie mouse book' AND "products".id <> 6) LIMIT 1[0m
  [4;35;1mProduct Update (1.0ms)[0m   [0mUPDATE "products" SET "image_url" = '/images/zombie.jpg', "updated_at" = '2010-06-20 15:02:24' WHERE "id" = 6[0m
Redirected to http://localhost:3000/products/6
Completed in 14ms (DB: 2) | 302 Found [http://localhost/products/6]


Processing ProductsController#show (for 127.0.0.1 at 2010-06-20 08:02:24) [GET]
  Parameters: {"id"=>"6"}
  [4;36;1mProduct Load (1.0ms)[0m   [0;1mSELECT * FROM "products" WHERE ("products"."id" = 6) [0m
Rendering template within layouts/products
Rendering products/show
Completed in 9ms (View: 3, DB: 1) | 200 OK [http://localhost/products/6]


Processing ProductsController#index (for 127.0.0.1 at 2010-06-20 08:02:26) [GET]
  [4;35;1mProduct Load (1.0ms)[0m   [0mSELECT * FROM "products" [0m
Rendering template within layouts/products
Rendering products/index
Completed in 13ms (View: 8, DB: 1) | 200 OK [http://localhost/products]


Processing StoreController#index (for 127.0.0.1 at 2010-06-20 08:02:36) [GET]
  [4;36;1mProduct Load (0.0ms)[0m   [0;1mSELECT * FROM "products" ORDER BY title[0m
Rendering store/index

ActionView::TemplateError (You have a nil object when you didn't expect it!
You might have expected an instance of Array.
The error occurred while evaluating nil.each) on line #6 of app/views/store/index.html.erb:
3: 
4: <h1>Your pramatic Catalog</h1>
5: 
6: <% @products.each do |product| -%>
7:  <div class="entry">
8:    <%= image_tag(product.image_url) %>
9:     <h3><%=h product.title %></h3>

    app/views/store/index.html.erb:6
    <internal:prelude>:8:in `synchronize'
    C:/ruby19/lib/ruby/1.9.1/webrick/httpserver.rb:111:in `service'
    C:/ruby19/lib/ruby/1.9.1/webrick/httpserver.rb:70:in `run'
    C:/ruby19/lib/ruby/1.9.1/webrick/server.rb:183:in `block in start_thread'

Rendered rescues/_trace (61.0ms)
Rendered rescues/_request_and_response (1.0ms)
Rendering rescues/layout (internal_server_error)


Processing StoreController#index (for 127.0.0.1 at 2010-06-20 08:03:04) [GET]
  [4;35;1mProduct Load (0.0ms)[0m   [0mSELECT * FROM "products" ORDER BY title[0m
Rendering store/index
Completed in 9ms (View: 4, DB: 0) | 200 OK [http://localhost/store]


Processing StoreController#index (for 127.0.0.1 at 2010-06-20 08:03:33) [GET]
  [4;36;1mProduct Load (0.0ms)[0m   [0;1mSELECT * FROM "products" ORDER BY title[0m
Rendering store/index
Completed in 17ms (View: 10, DB: 0) | 200 OK [http://localhost/store]


Processing StoreController#index (for 127.0.0.1 at 2010-06-20 08:03:47) [GET]
  [4;35;1mProduct Load (0.0ms)[0m   [0mSELECT * FROM "products" ORDER BY title[0m
Rendering store/index
Completed in 15ms (View: 11, DB: 0) | 200 OK [http://localhost/store]


Processing StoreController#index (for 127.0.0.1 at 2010-06-20 08:08:23) [GET]
  [4;36;1mProduct Load (1.0ms)[0m   [0;1mSELECT * FROM "products" ORDER BY title[0m
Rendering template within layouts/store
Rendering store/index
Completed in 17ms (View: 12, DB: 1) | 200 OK [http://localhost/store]


Processing ApplicationController#index (for 127.0.0.1 at 2010-06-20 08:08:25) [GET]

ActionController::RoutingError (No route matches "/images/logo.png" with {:method=>:get}):
  <internal:prelude>:8:in `synchronize'
  C:/ruby19/lib/ruby/1.9.1/webrick/httpserver.rb:111:in `service'
  C:/ruby19/lib/ruby/1.9.1/webrick/httpserver.rb:70:in `run'
  C:/ruby19/lib/ruby/1.9.1/webrick/server.rb:183:in `block in start_thread'

Rendering rescues/layout (not_found)


Processing StoreController#index (for 127.0.0.1 at 2010-06-20 08:19:54) [GET]
  [4;36;1mProduct Load (1.0ms)[0m   [0;1mSELECT * FROM "products" ORDER BY title[0m
Rendering template within layouts/store
Rendering store/index
Completed in 29ms (View: 24, DB: 1) | 200 OK [http://localhost/store]


Processing StoreController#index (for 127.0.0.1 at 2010-06-20 08:22:48) [GET]
  [4;36;1mProduct Load (0.0ms)[0m   [0;1mSELECT * FROM "products" ORDER BY title[0m
Rendering template within layouts/store
Rendering store/index
Completed in 29ms (View: 24, DB: 0) | 200 OK [http://localhost/store]


Processing StoreController#index (for 127.0.0.1 at 2010-06-20 08:23:30) [GET]
  [4;35;1mProduct Load (1.0ms)[0m   [0mSELECT * FROM "products" ORDER BY title[0m
Rendering template within layouts/store
Rendering store/index
Completed in 10ms (View: 4, DB: 1) | 200 OK [http://localhost/store]


Processing ApplicationController#index (for 127.0.0.1 at 2010-06-20 08:23:32) [GET]

ActionController::RoutingError (No route matches "/images/logo.png" with {:method=>:get}):
  <internal:prelude>:8:in `synchronize'
  C:/ruby19/lib/ruby/1.9.1/webrick/httpserver.rb:111:in `service'
  C:/ruby19/lib/ruby/1.9.1/webrick/httpserver.rb:70:in `run'
  C:/ruby19/lib/ruby/1.9.1/webrick/server.rb:183:in `block in start_thread'

Rendering rescues/layout (not_found)


Processing StoreController#index (for 127.0.0.1 at 2010-06-20 08:23:58) [GET]
  [4;36;1mProduct Load (1.0ms)[0m   [0;1mSELECT * FROM "products" ORDER BY title[0m
Rendering template within layouts/store
Rendering store/index
Completed in 9ms (View: 4, DB: 1) | 200 OK [http://localhost/store]


Processing StoreController#index (for 127.0.0.1 at 2010-06-20 08:33:11) [GET]
  [4;36;1mProduct Load (0.0ms)[0m   [0;1mSELECT * FROM "products" ORDER BY title[0m
Rendering template within layouts/store
Rendering store/index
Completed in 30ms (View: 25, DB: 0) | 200 OK [http://localhost/store]


Processing ApplicationController#index (for 127.0.0.1 at 2010-06-20 08:33:13) [GET]

ActionController::RoutingError (No route matches "/images/logo.png" with {:method=>:get}):
  <internal:prelude>:8:in `synchronize'
  C:/ruby19/lib/ruby/1.9.1/webrick/httpserver.rb:111:in `service'
  C:/ruby19/lib/ruby/1.9.1/webrick/httpserver.rb:70:in `run'
  C:/ruby19/lib/ruby/1.9.1/webrick/server.rb:183:in `block in start_thread'

Rendering rescues/layout (not_found)


Processing StoreController#index (for 127.0.0.1 at 2010-06-20 08:34:39) [GET]
  [4;35;1mProduct Load (1.0ms)[0m   [0mSELECT * FROM "products" ORDER BY title[0m
Rendering template within layouts/store
Rendering store/index
Completed in 22ms (View: 17, DB: 1) | 200 OK [http://localhost/store]


Processing ApplicationController#index (for 127.0.0.1 at 2010-06-20 08:34:41) [GET]

ActionController::RoutingError (No route matches "/images/logo.png" with {:method=>:get}):
  <internal:prelude>:8:in `synchronize'
  C:/ruby19/lib/ruby/1.9.1/webrick/httpserver.rb:111:in `service'
  C:/ruby19/lib/ruby/1.9.1/webrick/httpserver.rb:70:in `run'
  C:/ruby19/lib/ruby/1.9.1/webrick/server.rb:183:in `block in start_thread'

Rendering rescues/layout (not_found)


Processing StoreController#index (for 127.0.0.1 at 2010-06-20 08:34:42) [POST]
  Parameters: {"authenticity_token"=>"WiU4qa9w/g9s0ngaF0w3CQa+ZRr5LMC9vOQ+8tCYMwc="}
  [4;36;1mProduct Load (0.0ms)[0m   [0;1mSELECT * FROM "products" ORDER BY title[0m
Rendering template within layouts/store
Rendering store/index
Completed in 16ms (View: 10, DB: 0) | 200 OK [http://localhost/store]


Processing ApplicationController#index (for 127.0.0.1 at 2010-06-20 08:34:42) [GET]

ActionController::RoutingError (No route matches "/images/logo.png" with {:method=>:get}):
  <internal:prelude>:8:in `synchronize'
  C:/ruby19/lib/ruby/1.9.1/webrick/httpserver.rb:111:in `service'
  C:/ruby19/lib/ruby/1.9.1/webrick/httpserver.rb:70:in `run'
  C:/ruby19/lib/ruby/1.9.1/webrick/server.rb:183:in `block in start_thread'

Rendering rescues/layout (not_found)


Processing StoreController#index (for 127.0.0.1 at 2010-06-20 09:25:05) [POST]
  Parameters: {"authenticity_token"=>"WiU4qa9w/g9s0ngaF0w3CQa+ZRr5LMC9vOQ+8tCYMwc="}
  [4;35;1mProduct Load (1.0ms)[0m   [0mSELECT * FROM "products" ORDER BY title[0m
Rendering template within layouts/store
Rendering store/index
Completed in 24ms (View: 19, DB: 1) | 200 OK [http://localhost/store]


Processing ApplicationController#index (for 127.0.0.1 at 2010-06-20 09:25:07) [GET]

ActionController::RoutingError (No route matches "/images/logo.png" with {:method=>:get}):
  <internal:prelude>:8:in `synchronize'
  C:/ruby19/lib/ruby/1.9.1/webrick/httpserver.rb:111:in `service'
  C:/ruby19/lib/ruby/1.9.1/webrick/httpserver.rb:70:in `run'
  C:/ruby19/lib/ruby/1.9.1/webrick/server.rb:183:in `block in start_thread'

Rendering rescues/layout (not_found)


Processing StoreController#index (for 127.0.0.1 at 2010-06-20 09:25:56) [POST]
  Parameters: {"authenticity_token"=>"WiU4qa9w/g9s0ngaF0w3CQa+ZRr5LMC9vOQ+8tCYMwc="}
  [4;36;1mProduct Load (1.0ms)[0m   [0;1mSELECT * FROM "products" ORDER BY title[0m
Rendering template within layouts/store
Rendering store/index
Completed in 16ms (View: 10, DB: 1) | 200 OK [http://localhost/store]


Processing StoreController#index (for 127.0.0.1 at 2010-06-20 09:30:13) [POST]
  Parameters: {"authenticity_token"=>"WiU4qa9w/g9s0ngaF0w3CQa+ZRr5LMC9vOQ+8tCYMwc="}
  [4;35;1mProduct Load (1.0ms)[0m   [0mSELECT * FROM "products" ORDER BY title[0m
Rendering template within layouts/store
Rendering store/index
Completed in 16ms (View: 10, DB: 1) | 200 OK [http://localhost/store]
  [4;36;1mSQL (1.0ms)[0m   [0;1m SELECT name
 FROM sqlite_master
 WHERE type = 'table' AND NOT name = 'sqlite_sequence'
[0m
  [4;35;1mSQL (0.0ms)[0m   [0mSELECT version FROM schema_migrations[0m
Migrating to CreateProducts (20100619190948)
Migrating to AddPriceToProduct (20100619192203)
Migrating to AddTestData (20100620013156)
Migrating to CreateSessions (20100620165341)
  [4;36;1mSQL (0.0ms)[0m   [0;1mselect sqlite_version(*)[0m
  [4;35;1mSQL (1.0ms)[0m   [0mCREATE TABLE "sessions" ("id" INTEGER PRIMARY KEY AUTOINCREMENT NOT NULL, "session_id" varchar(255) NOT NULL, "data" text, "created_at" datetime, "updated_at" datetime) [0m
  [4;36;1mSQL (0.0ms)[0m   [0;1mPRAGMA index_list("sessions")[0m
  [4;35;1mSQL (0.0ms)[0m   [0mCREATE INDEX "index_sessions_on_session_id" ON "sessions" ("session_id")[0m
  [4;36;1mSQL (0.0ms)[0m   [0;1mPRAGMA index_list("sessions")[0m
  [4;35;1mSQL (0.0ms)[0m   [0mPRAGMA index_info('index_sessions_on_session_id')[0m
  [4;36;1mSQL (0.0ms)[0m   [0;1mCREATE INDEX "index_sessions_on_updated_at" ON "sessions" ("updated_at")[0m
  [4;35;1mSQL (1.0ms)[0m   [0mINSERT INTO schema_migrations (version) VALUES ('20100620165341')[0m
  [4;36;1mSQL (0.0ms)[0m   [0;1m SELECT name
 FROM sqlite_master
 WHERE type = 'table' AND NOT name = 'sqlite_sequence'
[0m
  [4;35;1mSQL (1.0ms)[0m   [0mSELECT version FROM schema_migrations[0m
  [4;36;1mSQL (0.0ms)[0m   [0;1m SELECT name
 FROM sqlite_master
 WHERE type = 'table' AND NOT name = 'sqlite_sequence'
[0m
  [4;35;1mSQL (0.0ms)[0m   [0mPRAGMA index_list("products")[0m
  [4;36;1mSQL (0.0ms)[0m   [0;1mPRAGMA index_list("sessions")[0m
  [4;35;1mSQL (0.0ms)[0m   [0mPRAGMA index_info('index_sessions_on_updated_at')[0m
  [4;36;1mSQL (0.0ms)[0m   [0;1mPRAGMA index_info('index_sessions_on_session_id')[0m


Processing StoreController#index (for 127.0.0.1 at 2010-06-20 10:03:10) [GET]
  [4;36;1mProduct Load (0.0ms)[0m   [0;1mSELECT * FROM "products" ORDER BY title[0m
Rendering template within layouts/store
Rendering store/index
Completed in 16ms (View: 10, DB: 0) | 200 OK [http://localhost/store]


Processing StoreController#index (for 127.0.0.1 at 2010-06-20 10:13:33) [GET]
  [4;35;1mProduct Load (1.0ms)[0m   [0mSELECT * FROM "products" ORDER BY title[0m
Rendering template within layouts/store
Rendering store/index
Completed in 23ms (View: 18, DB: 1) | 200 OK [http://localhost/store]


Processing StoreController#index (for 127.0.0.1 at 2010-06-20 10:15:34) [GET]
  [4;36;1mProduct Load (1.0ms)[0m   [0;1mSELECT * FROM "products" ORDER BY title[0m
Rendering template within layouts/store
Rendering store/index
Completed in 1284ms (View: 1279, DB: 1) | 200 OK [http://localhost/store]


Processing StoreController#add_to_cart (for 127.0.0.1 at 2010-06-20 10:15:38) [POST]
  Parameters: {"authenticity_token"=>"3okPYTDIgGMjJIlW9mG5QkFjIYrn0KWmOaYUFKcZsS4=", "id"=>"4"}

ActionController::UnknownAction (No action responded to add_to_cart. Actions: index):
  <internal:prelude>:8:in `synchronize'
  C:/ruby19/lib/ruby/1.9.1/webrick/httpserver.rb:111:in `service'
  C:/ruby19/lib/ruby/1.9.1/webrick/httpserver.rb:70:in `run'
  C:/ruby19/lib/ruby/1.9.1/webrick/server.rb:183:in `block in start_thread'

Rendering rescues/layout (not_found)


Processing StoreController#add_to_cart (for 127.0.0.1 at 2010-06-20 10:17:39) [POST]
  Parameters: {"authenticity_token"=>"3okPYTDIgGMjJIlW9mG5QkFjIYrn0KWmOaYUFKcZsS4=", "id"=>"4"}

ActionController::UnknownAction (No action responded to add_to_cart. Actions: index):
  <internal:prelude>:8:in `synchronize'
  C:/ruby19/lib/ruby/1.9.1/webrick/httpserver.rb:111:in `service'
  C:/ruby19/lib/ruby/1.9.1/webrick/httpserver.rb:70:in `run'
  C:/ruby19/lib/ruby/1.9.1/webrick/server.rb:183:in `block in start_thread'

Rendering rescues/layout (not_found)


Processing StoreController#index (for 127.0.0.1 at 2010-06-20 10:17:44) [GET]
  [4;35;1mProduct Load (0.0ms)[0m   [0mSELECT * FROM "products" ORDER BY title[0m
Rendering template within layouts/store
Rendering store/index
Completed in 17ms (View: 11, DB: 0) | 200 OK [http://localhost/store]


Processing StoreController#add_to_cart (for 127.0.0.1 at 2010-06-20 10:17:46) [POST]
  Parameters: {"authenticity_token"=>"3okPYTDIgGMjJIlW9mG5QkFjIYrn0KWmOaYUFKcZsS4=", "id"=>"4"}

ActionController::UnknownAction (No action responded to add_to_cart. Actions: index):
  <internal:prelude>:8:in `synchronize'
  C:/ruby19/lib/ruby/1.9.1/webrick/httpserver.rb:111:in `service'
  C:/ruby19/lib/ruby/1.9.1/webrick/httpserver.rb:70:in `run'
  C:/ruby19/lib/ruby/1.9.1/webrick/server.rb:183:in `block in start_thread'

Rendering rescues/layout (not_found)


Processing StoreController#add_to_cart (for 127.0.0.1 at 2010-06-20 10:18:09) [POST]
  Parameters: {"authenticity_token"=>"3okPYTDIgGMjJIlW9mG5QkFjIYrn0KWmOaYUFKcZsS4=", "id"=>"4"}

ActionController::UnknownAction (No action responded to add_to_cart. Actions: index):
  <internal:prelude>:8:in `synchronize'
  C:/ruby19/lib/ruby/1.9.1/webrick/httpserver.rb:111:in `service'
  C:/ruby19/lib/ruby/1.9.1/webrick/httpserver.rb:70:in `run'
  C:/ruby19/lib/ruby/1.9.1/webrick/server.rb:183:in `block in start_thread'

Rendering rescues/layout (not_found)


Processing StoreController#add_to_cart (for 127.0.0.1 at 2010-06-20 10:20:46) [POST]
  Parameters: {"authenticity_token"=>"3okPYTDIgGMjJIlW9mG5QkFjIYrn0KWmOaYUFKcZsS4=", "id"=>"4"}
  [4;36;1mProduct Load (0.0ms)[0m   [0;1mSELECT * FROM "products" WHERE ("products"."id" = 4) [0m

SyntaxError (C:/Users/jimsun/workspace_ruby_on_rail/depot/app/models/cart.rb:11: syntax error, unexpected $end, expecting keyword_end):
  app/controllers/store_controller.rb:16:in `find_cart'
  app/controllers/store_controller.rb:9:in `add_to_cart'
  <internal:prelude>:8:in `synchronize'
  C:/ruby19/lib/ruby/1.9.1/webrick/httpserver.rb:111:in `service'
  C:/ruby19/lib/ruby/1.9.1/webrick/httpserver.rb:70:in `run'
  C:/ruby19/lib/ruby/1.9.1/webrick/server.rb:183:in `block in start_thread'

Rendered rescues/_trace (61.0ms)
Rendered rescues/_request_and_response (2.0ms)
Rendering rescues/layout (internal_server_error)


Processing StoreController#add_to_cart (for 127.0.0.1 at 2010-06-20 10:21:56) [POST]
  Parameters: {"authenticity_token"=>"3okPYTDIgGMjJIlW9mG5QkFjIYrn0KWmOaYUFKcZsS4=", "id"=>"4"}
  [4;35;1mProduct Load (0.0ms)[0m   [0mSELECT * FROM "products" WHERE ("products"."id" = 4) [0m

ActionView::MissingTemplate (Missing template store/add_to_cart.erb in view path app/views):
  <internal:prelude>:8:in `synchronize'
  C:/ruby19/lib/ruby/1.9.1/webrick/httpserver.rb:111:in `service'
  C:/ruby19/lib/ruby/1.9.1/webrick/httpserver.rb:70:in `run'
  C:/ruby19/lib/ruby/1.9.1/webrick/server.rb:183:in `block in start_thread'

Rendering rescues/layout (internal_server_error)


Processing StoreController#add_to_cart (for 127.0.0.1 at 2010-06-20 10:30:11) [POST]
  Parameters: {"authenticity_token"=>"3okPYTDIgGMjJIlW9mG5QkFjIYrn0KWmOaYUFKcZsS4=", "id"=>"4"}
  [4;36;1mProduct Load (0.0ms)[0m   [0;1mSELECT * FROM "products" WHERE ("products"."id" = 4) [0m
Rendering template within layouts/store
Rendering store/add_to_cart
Completed in 18ms (View: 10, DB: 1) | 200 OK [http://localhost/store/add_to_cart/4]


Processing StoreController#add_to_cart (for 127.0.0.1 at 2010-06-20 10:43:14) [POST]
  Parameters: {"authenticity_token"=>"3okPYTDIgGMjJIlW9mG5QkFjIYrn0KWmOaYUFKcZsS4=", "id"=>"4"}

SyntaxError (C:/Users/jimsun/workspace_ruby_on_rail/depot/app/models/cart.rb:8: syntax error, unexpected '|', expecting '}'
    current_item = @item.find({|item| item.product==product})
                                ^
C:/Users/jimsun/workspace_ruby_on_rail/depot/app/models/cart.rb:8: syntax error, unexpected '}', expecting keyword_end
    current_item = @item.find({|item| item.product==product})
                                                            ^):
  <internal:prelude>:8:in `synchronize'
  C:/ruby19/lib/ruby/1.9.1/webrick/httpserver.rb:111:in `service'
  C:/ruby19/lib/ruby/1.9.1/webrick/httpserver.rb:70:in `run'
  C:/ruby19/lib/ruby/1.9.1/webrick/server.rb:183:in `block in start_thread'

Rendered rescues/_trace (72.0ms)
Rendered rescues/_request_and_response (1.0ms)
Rendering rescues/layout (internal_server_error)


Processing StoreController#add_to_cart (for 127.0.0.1 at 2010-06-20 10:44:41) [POST]
  Parameters: {"authenticity_token"=>"3okPYTDIgGMjJIlW9mG5QkFjIYrn0KWmOaYUFKcZsS4=", "id"=>"4"}

SyntaxError (C:/Users/jimsun/workspace_ruby_on_rail/depot/app/models/cart.rb:8: syntax error, unexpected '|', expecting '}'
    current_item = @item.find({|item| item.product==product})
                                ^
C:/Users/jimsun/workspace_ruby_on_rail/depot/app/models/cart.rb:8: syntax error, unexpected '}', expecting keyword_end
    current_item = @item.find({|item| item.product==product})
                                                            ^):
  <internal:prelude>:8:in `synchronize'
  C:/ruby19/lib/ruby/1.9.1/webrick/httpserver.rb:111:in `service'
  C:/ruby19/lib/ruby/1.9.1/webrick/httpserver.rb:70:in `run'
  C:/ruby19/lib/ruby/1.9.1/webrick/server.rb:183:in `block in start_thread'

Rendered rescues/_trace (73.0ms)
Rendered rescues/_request_and_response (0.0ms)
Rendering rescues/layout (internal_server_error)


Processing StoreController#add_to_cart (for 127.0.0.1 at 2010-06-20 10:45:46) [POST]
  Parameters: {"authenticity_token"=>"3okPYTDIgGMjJIlW9mG5QkFjIYrn0KWmOaYUFKcZsS4=", "id"=>"4"}
  [4;35;1mProduct Load (0.0ms)[0m   [0mSELECT * FROM "products" WHERE ("products"."id" = 4) [0m

NoMethodError (You have a nil object when you didn't expect it!
You might have expected an instance of Array.
The error occurred while evaluating nil.find):
  app/models/cart.rb:8:in `add_product'
  app/controllers/store_controller.rb:10:in `add_to_cart'
  <internal:prelude>:8:in `synchronize'
  C:/ruby19/lib/ruby/1.9.1/webrick/httpserver.rb:111:in `service'
  C:/ruby19/lib/ruby/1.9.1/webrick/httpserver.rb:70:in `run'
  C:/ruby19/lib/ruby/1.9.1/webrick/server.rb:183:in `block in start_thread'

Rendered rescues/_trace (49.0ms)
Rendered rescues/_request_and_response (0.0ms)
Rendering rescues/layout (internal_server_error)


Processing StoreController#index (for 127.0.0.1 at 2010-06-20 10:46:01) [GET]
  [4;36;1mProduct Load (0.0ms)[0m   [0;1mSELECT * FROM "products" ORDER BY title[0m
Rendering template within layouts/store
Rendering store/index
Completed in 19ms (View: 14, DB: 0) | 200 OK [http://localhost/store]


Processing StoreController#add_to_cart (for 127.0.0.1 at 2010-06-20 10:46:02) [POST]
  Parameters: {"authenticity_token"=>"3okPYTDIgGMjJIlW9mG5QkFjIYrn0KWmOaYUFKcZsS4=", "id"=>"4"}
  [4;35;1mProduct Load (0.0ms)[0m   [0mSELECT * FROM "products" WHERE ("products"."id" = 4) [0m

NoMethodError (You have a nil object when you didn't expect it!
You might have expected an instance of Array.
The error occurred while evaluating nil.find):
  app/models/cart.rb:8:in `add_product'
  app/controllers/store_controller.rb:10:in `add_to_cart'
  <internal:prelude>:8:in `synchronize'
  C:/ruby19/lib/ruby/1.9.1/webrick/httpserver.rb:111:in `service'
  C:/ruby19/lib/ruby/1.9.1/webrick/httpserver.rb:70:in `run'
  C:/ruby19/lib/ruby/1.9.1/webrick/server.rb:183:in `block in start_thread'

Rendered rescues/_trace (84.0ms)
Rendered rescues/_request_and_response (0.0ms)
Rendering rescues/layout (internal_server_error)
  [4;36;1mSQL (4.0ms)[0m   [0;1mDELETE FROM sessions[0m


Processing StoreController#add_to_cart (for 127.0.0.1 at 2010-06-20 10:46:51) [POST]
  Parameters: {"authenticity_token"=>"3okPYTDIgGMjJIlW9mG5QkFjIYrn0KWmOaYUFKcZsS4=", "id"=>"4"}

ActionController::InvalidAuthenticityToken (ActionController::InvalidAuthenticityToken):
  <internal:prelude>:8:in `synchronize'
  C:/ruby19/lib/ruby/1.9.1/webrick/httpserver.rb:111:in `service'
  C:/ruby19/lib/ruby/1.9.1/webrick/httpserver.rb:70:in `run'
  C:/ruby19/lib/ruby/1.9.1/webrick/server.rb:183:in `block in start_thread'

Rendered rescues/_trace (52.0ms)
Rendered rescues/_request_and_response (0.0ms)
Rendering rescues/layout (unprocessable_entity)


Processing StoreController#index (for 127.0.0.1 at 2010-06-20 10:47:09) [GET]
  [4;36;1mProduct Load (0.0ms)[0m   [0;1mSELECT * FROM "products" ORDER BY title[0m
Rendering template within layouts/store
Rendering store/index
Completed in 17ms (View: 12, DB: 0) | 200 OK [http://localhost/store/]


Processing StoreController#add_to_cart (for 127.0.0.1 at 2010-06-20 10:47:11) [POST]
  Parameters: {"authenticity_token"=>"0q+JAIEylrhWCmd9F9zMYs4vLy3qU/8Adyvv78OsJZI=", "id"=>"4"}
  [4;35;1mProduct Load (0.0ms)[0m   [0mSELECT * FROM "products" WHERE ("products"."id" = 4) [0m

NoMethodError (You have a nil object when you didn't expect it!
You might have expected an instance of Array.
The error occurred while evaluating nil.find):
  app/models/cart.rb:8:in `add_product'
  app/controllers/store_controller.rb:10:in `add_to_cart'
  <internal:prelude>:8:in `synchronize'
  C:/ruby19/lib/ruby/1.9.1/webrick/httpserver.rb:111:in `service'
  C:/ruby19/lib/ruby/1.9.1/webrick/httpserver.rb:70:in `run'
  C:/ruby19/lib/ruby/1.9.1/webrick/server.rb:183:in `block in start_thread'

Rendered rescues/_trace (48.0ms)
Rendered rescues/_request_and_response (1.0ms)
Rendering rescues/layout (internal_server_error)


Processing StoreController#add_to_cart (for 127.0.0.1 at 2010-06-20 10:48:13) [POST]
  Parameters: {"authenticity_token"=>"0q+JAIEylrhWCmd9F9zMYs4vLy3qU/8Adyvv78OsJZI=", "id"=>"4"}
  [4;36;1mProduct Load (1.0ms)[0m   [0;1mSELECT * FROM "products" WHERE ("products"."id" = 4) [0m

NameError (uninitialized constant Cart::CartItem):
  app/models/cart.rb:12:in `add_product'
  app/controllers/store_controller.rb:10:in `add_to_cart'
  <internal:prelude>:8:in `synchronize'
  C:/ruby19/lib/ruby/1.9.1/webrick/httpserver.rb:111:in `service'
  C:/ruby19/lib/ruby/1.9.1/webrick/httpserver.rb:70:in `run'
  C:/ruby19/lib/ruby/1.9.1/webrick/server.rb:183:in `block in start_thread'

Rendered rescues/_trace (50.0ms)
Rendered rescues/_request_and_response (0.0ms)
Rendering rescues/layout (internal_server_error)


Processing StoreController#add_to_cart (for 127.0.0.1 at 2010-06-20 10:48:53) [POST]
  Parameters: {"authenticity_token"=>"0q+JAIEylrhWCmd9F9zMYs4vLy3qU/8Adyvv78OsJZI=", "id"=>"4"}
  [4;35;1mProduct Load (0.0ms)[0m   [0mSELECT * FROM "products" WHERE ("products"."id" = 4) [0m

NameError (uninitialized constant Cart::CartItem):
  app/models/cart.rb:12:in `add_product'
  app/controllers/store_controller.rb:10:in `add_to_cart'
  <internal:prelude>:8:in `synchronize'
  C:/ruby19/lib/ruby/1.9.1/webrick/httpserver.rb:111:in `service'
  C:/ruby19/lib/ruby/1.9.1/webrick/httpserver.rb:70:in `run'
  C:/ruby19/lib/ruby/1.9.1/webrick/server.rb:183:in `block in start_thread'

Rendered rescues/_trace (84.0ms)
Rendered rescues/_request_and_response (0.0ms)
Rendering rescues/layout (internal_server_error)


Processing StoreController#add_to_cart (for 127.0.0.1 at 2010-06-20 10:52:05) [POST]
  Parameters: {"authenticity_token"=>"0q+JAIEylrhWCmd9F9zMYs4vLy3qU/8Adyvv78OsJZI=", "id"=>"4"}
  [4;36;1mProduct Load (0.0ms)[0m   [0;1mSELECT * FROM "products" WHERE ("products"."id" = 4) [0m

NameError (uninitialized constant Cart::CartItem):
  app/models/cart.rb:12:in `add_product'
  app/controllers/store_controller.rb:10:in `add_to_cart'
  <internal:prelude>:8:in `synchronize'
  C:/ruby19/lib/ruby/1.9.1/webrick/httpserver.rb:111:in `service'
  C:/ruby19/lib/ruby/1.9.1/webrick/httpserver.rb:70:in `run'
  C:/ruby19/lib/ruby/1.9.1/webrick/server.rb:183:in `block in start_thread'

Rendered rescues/_trace (51.0ms)
Rendered rescues/_request_and_response (1.0ms)
Rendering rescues/layout (internal_server_error)


Processing StoreController#add_to_cart (for 127.0.0.1 at 2010-06-20 10:53:37) [POST]
  Parameters: {"authenticity_token"=>"0q+JAIEylrhWCmd9F9zMYs4vLy3qU/8Adyvv78OsJZI=", "id"=>"4"}
  [4;35;1mProduct Load (0.0ms)[0m   [0mSELECT * FROM "products" WHERE ("products"."id" = 4) [0m

NameError (uninitialized constant Cart::CartItem):
  app/models/cart.rb:12:in `add_product'
  app/controllers/store_controller.rb:10:in `add_to_cart'
  <internal:prelude>:8:in `synchronize'
  C:/ruby19/lib/ruby/1.9.1/webrick/httpserver.rb:111:in `service'
  C:/ruby19/lib/ruby/1.9.1/webrick/httpserver.rb:70:in `run'
  C:/ruby19/lib/ruby/1.9.1/webrick/server.rb:183:in `block in start_thread'

Rendered rescues/_trace (51.0ms)
Rendered rescues/_request_and_response (0.0ms)
Rendering rescues/layout (internal_server_error)


Processing StoreController#add_to_cart (for 127.0.0.1 at 2010-06-20 10:54:08) [POST]
  Parameters: {"authenticity_token"=>"0q+JAIEylrhWCmd9F9zMYs4vLy3qU/8Adyvv78OsJZI=", "id"=>"4"}
  [4;36;1mProduct Load (0.0ms)[0m   [0;1mSELECT * FROM "products" WHERE ("products"."id" = 4) [0m

NameError (uninitialized constant Cart::CartItem):
  app/models/cart.rb:12:in `add_product'
  app/controllers/store_controller.rb:10:in `add_to_cart'
  <internal:prelude>:8:in `synchronize'
  C:/ruby19/lib/ruby/1.9.1/webrick/httpserver.rb:111:in `service'
  C:/ruby19/lib/ruby/1.9.1/webrick/httpserver.rb:70:in `run'
  C:/ruby19/lib/ruby/1.9.1/webrick/server.rb:183:in `block in start_thread'

Rendered rescues/_trace (51.0ms)
Rendered rescues/_request_and_response (0.0ms)
Rendering rescues/layout (internal_server_error)


Processing StoreController#add_to_cart (for 127.0.0.1 at 2010-06-20 10:54:12) [POST]
  Parameters: {"authenticity_token"=>"0q+JAIEylrhWCmd9F9zMYs4vLy3qU/8Adyvv78OsJZI=", "id"=>"4"}
  [4;35;1mProduct Load (1.0ms)[0m   [0mSELECT * FROM "products" WHERE ("products"."id" = 4) [0m

NameError (uninitialized constant Cart::CartItem):
  app/models/cart.rb:12:in `add_product'
  app/controllers/store_controller.rb:10:in `add_to_cart'
  <internal:prelude>:8:in `synchronize'
  C:/ruby19/lib/ruby/1.9.1/webrick/httpserver.rb:111:in `service'
  C:/ruby19/lib/ruby/1.9.1/webrick/httpserver.rb:70:in `run'
  C:/ruby19/lib/ruby/1.9.1/webrick/server.rb:183:in `block in start_thread'

Rendered rescues/_trace (51.0ms)
Rendered rescues/_request_and_response (0.0ms)
Rendering rescues/layout (internal_server_error)


Processing StoreController#add_to_cart (for 127.0.0.1 at 2010-06-20 10:55:53) [POST]
  Parameters: {"authenticity_token"=>"0q+JAIEylrhWCmd9F9zMYs4vLy3qU/8Adyvv78OsJZI=", "id"=>"4"}
  [4;36;1mProduct Load (0.0ms)[0m   [0;1mSELECT * FROM "products" WHERE ("products"."id" = 4) [0m

NameError (uninitialized constant Cart::CartItem):
  app/models/cart.rb:12:in `add_product'
  app/controllers/store_controller.rb:10:in `add_to_cart'
  <internal:prelude>:8:in `synchronize'
  C:/ruby19/lib/ruby/1.9.1/webrick/httpserver.rb:111:in `service'
  C:/ruby19/lib/ruby/1.9.1/webrick/httpserver.rb:70:in `run'
  C:/ruby19/lib/ruby/1.9.1/webrick/server.rb:183:in `block in start_thread'

Rendered rescues/_trace (52.0ms)
Rendered rescues/_request_and_response (0.0ms)
Rendering rescues/layout (internal_server_error)


Processing StoreController#index (for 127.0.0.1 at 2010-06-20 10:59:22) [GET]
  [4;36;1mProduct Load (0.0ms)[0m   [0;1mSELECT * FROM "products" ORDER BY title[0m
Rendering template within layouts/store
Rendering store/index
Completed in 78ms (View: 72, DB: 0) | 200 OK [http://localhost/store]


Processing StoreController#add_to_cart (for 127.0.0.1 at 2010-06-20 10:59:25) [POST]
  Parameters: {"authenticity_token"=>"0q+JAIEylrhWCmd9F9zMYs4vLy3qU/8Adyvv78OsJZI=", "id"=>"5"}
  [4;35;1mProduct Load (0.0ms)[0m   [0mSELECT * FROM "products" WHERE ("products"."id" = 5) [0m

NameError (uninitialized constant Cart::CartItem):
  app/models/cart.rb:12:in `add_product'
  app/controllers/store_controller.rb:10:in `add_to_cart'
  <internal:prelude>:8:in `synchronize'
  C:/ruby19/lib/ruby/1.9.1/webrick/httpserver.rb:111:in `service'
  C:/ruby19/lib/ruby/1.9.1/webrick/httpserver.rb:70:in `run'
  C:/ruby19/lib/ruby/1.9.1/webrick/server.rb:183:in `block in start_thread'

Rendered rescues/_trace (52.0ms)
Rendered rescues/_request_and_response (2.0ms)
Rendering rescues/layout (internal_server_error)


Processing StoreController#add_to_cart (for 127.0.0.1 at 2010-06-20 11:03:25) [POST]
  Parameters: {"authenticity_token"=>"0q+JAIEylrhWCmd9F9zMYs4vLy3qU/8Adyvv78OsJZI=", "id"=>"5"}
  [4;36;1mProduct Load (0.0ms)[0m   [0;1mSELECT * FROM "products" WHERE ("products"."id" = 5) [0m

NameError (uninitialized constant Cart::CartItem):
  app/models/cart.rb:14:in `add_product'
  app/controllers/store_controller.rb:10:in `add_to_cart'
  <internal:prelude>:8:in `synchronize'
  C:/ruby19/lib/ruby/1.9.1/webrick/httpserver.rb:111:in `service'
  C:/ruby19/lib/ruby/1.9.1/webrick/httpserver.rb:70:in `run'
  C:/ruby19/lib/ruby/1.9.1/webrick/server.rb:183:in `block in start_thread'

Rendered rescues/_trace (52.0ms)
Rendered rescues/_request_and_response (1.0ms)
Rendering rescues/layout (internal_server_error)


Processing StoreController#add_to_cart (for 127.0.0.1 at 2010-06-20 11:06:12) [POST]
  Parameters: {"authenticity_token"=>"0q+JAIEylrhWCmd9F9zMYs4vLy3qU/8Adyvv78OsJZI=", "id"=>"5"}
  [4;35;1mProduct Load (0.0ms)[0m   [0mSELECT * FROM "products" WHERE ("products"."id" = 5) [0m

NameError (uninitialized constant Cart::CartItem):
  app/models/cart.rb:14:in `add_product'
  app/controllers/store_controller.rb:11:in `add_to_cart'
  <internal:prelude>:8:in `synchronize'
  C:/ruby19/lib/ruby/1.9.1/webrick/httpserver.rb:111:in `service'
  C:/ruby19/lib/ruby/1.9.1/webrick/httpserver.rb:70:in `run'
  C:/ruby19/lib/ruby/1.9.1/webrick/server.rb:183:in `block in start_thread'

Rendered rescues/_trace (51.0ms)
Rendered rescues/_request_and_response (0.0ms)
Rendering rescues/layout (internal_server_error)


Processing StoreController#add_to_cart (for 127.0.0.1 at 2010-06-20 11:07:37) [POST]
  Parameters: {"authenticity_token"=>"0q+JAIEylrhWCmd9F9zMYs4vLy3qU/8Adyvv78OsJZI=", "id"=>"5"}
  [4;36;1mProduct Load (0.0ms)[0m   [0;1mSELECT * FROM "products" WHERE ("products"."id" = 5) [0m

NameError (uninitialized constant Cart::CartItem):
  app/models/cart.rb:14:in `add_product'
  app/controllers/store_controller.rb:11:in `add_to_cart'
  <internal:prelude>:8:in `synchronize'
  C:/ruby19/lib/ruby/1.9.1/webrick/httpserver.rb:111:in `service'
  C:/ruby19/lib/ruby/1.9.1/webrick/httpserver.rb:70:in `run'
  C:/ruby19/lib/ruby/1.9.1/webrick/server.rb:183:in `block in start_thread'

Rendered rescues/_trace (85.0ms)
Rendered rescues/_request_and_response (0.0ms)
Rendering rescues/layout (internal_server_error)


Processing StoreController#add_to_cart (for 127.0.0.1 at 2010-06-20 11:08:40) [POST]
  Parameters: {"authenticity_token"=>"0q+JAIEylrhWCmd9F9zMYs4vLy3qU/8Adyvv78OsJZI=", "id"=>"5"}
  [4;35;1mProduct Load (0.0ms)[0m   [0mSELECT * FROM "products" WHERE ("products"."id" = 5) [0m

NameError (uninitialized constant Cart::CartItem):
  app/models/cart.rb:15:in `add_product'
  app/controllers/store_controller.rb:11:in `add_to_cart'
  <internal:prelude>:8:in `synchronize'
  C:/ruby19/lib/ruby/1.9.1/webrick/httpserver.rb:111:in `service'
  C:/ruby19/lib/ruby/1.9.1/webrick/httpserver.rb:70:in `run'
  C:/ruby19/lib/ruby/1.9.1/webrick/server.rb:183:in `block in start_thread'

Rendered rescues/_trace (50.0ms)
Rendered rescues/_request_and_response (0.0ms)
Rendering rescues/layout (internal_server_error)


Processing StoreController#add_to_cart (for 127.0.0.1 at 2010-06-20 11:11:28) [POST]
  Parameters: {"authenticity_token"=>"0q+JAIEylrhWCmd9F9zMYs4vLy3qU/8Adyvv78OsJZI=", "id"=>"5"}
  [4;36;1mProduct Load (0.0ms)[0m   [0;1mSELECT * FROM "products" WHERE ("products"."id" = 5) [0m

NameError (uninitialized constant Cart::CartItem):
  app/models/cart.rb:15:in `add_product'
  app/controllers/store_controller.rb:11:in `add_to_cart'
  <internal:prelude>:8:in `synchronize'
  C:/ruby19/lib/ruby/1.9.1/webrick/httpserver.rb:111:in `service'
  C:/ruby19/lib/ruby/1.9.1/webrick/httpserver.rb:70:in `run'
  C:/ruby19/lib/ruby/1.9.1/webrick/server.rb:183:in `block in start_thread'

Rendered rescues/_trace (51.0ms)
Rendered rescues/_request_and_response (0.0ms)
Rendering rescues/layout (internal_server_error)


Processing StoreController#add_to_cart (for 127.0.0.1 at 2010-06-20 11:11:49) [POST]
  Parameters: {"authenticity_token"=>"0q+JAIEylrhWCmd9F9zMYs4vLy3qU/8Adyvv78OsJZI=", "id"=>"5"}
  [4;35;1mProduct Load (1.0ms)[0m   [0mSELECT * FROM "products" WHERE ("products"."id" = 5) [0m

NameError (uninitialized constant Cart::CartItem):
  app/models/cart.rb:15:in `add_product'
  app/controllers/store_controller.rb:11:in `add_to_cart'
  <internal:prelude>:8:in `synchronize'
  C:/ruby19/lib/ruby/1.9.1/webrick/httpserver.rb:111:in `service'
  C:/ruby19/lib/ruby/1.9.1/webrick/httpserver.rb:70:in `run'
  C:/ruby19/lib/ruby/1.9.1/webrick/server.rb:183:in `block in start_thread'

Rendered rescues/_trace (50.0ms)
Rendered rescues/_request_and_response (0.0ms)
Rendering rescues/layout (internal_server_error)


Processing StoreController#add_to_cart (for 127.0.0.1 at 2010-06-20 11:12:45) [POST]
  Parameters: {"authenticity_token"=>"0q+JAIEylrhWCmd9F9zMYs4vLy3qU/8Adyvv78OsJZI=", "id"=>"5"}
  [4;36;1mProduct Load (0.0ms)[0m   [0;1mSELECT * FROM "products" WHERE ("products"."id" = 5) [0m
Rendering template within layouts/store
Rendering store/add_to_cart
Completed in 22ms (View: 9, DB: 0) | 200 OK [http://localhost/store/add_to_cart/5]


Processing StoreController#index (for 127.0.0.1 at 2010-06-20 11:15:18) [GET]
  [4;35;1mProduct Load (0.0ms)[0m   [0mSELECT * FROM "products" ORDER BY title[0m
Rendering template within layouts/store
Rendering store/index
Completed in 22ms (View: 17, DB: 0) | 200 OK [http://localhost/store/]


Processing StoreController#add_to_cart (for 127.0.0.1 at 2010-06-20 11:15:20) [POST]
  Parameters: {"authenticity_token"=>"0q+JAIEylrhWCmd9F9zMYs4vLy3qU/8Adyvv78OsJZI=", "id"=>"5"}
  [4;36;1mProduct Load (0.0ms)[0m   [0;1mSELECT * FROM "products" WHERE ("products"."id" = 5) [0m
Rendering template within layouts/store
Rendering store/add_to_cart
Completed in 15ms (View: 2, DB: 0) | 200 OK [http://localhost/store/add_to_cart/5]
